<?xml version="1.0" encoding="UTF-8"?>
<!-- Generated by org.testng.reporters.JUnitXMLReporter -->
<testsuite ignored="0" hostname="DESKTOP-1VL2VT9" failures="0" tests="5" name="Default test" time="32.187" errors="0" timestamp="2026-08-05T17:34:48 IST">
  <testcase classname="com.training.Regression" name="regressionTetst1" time="10.019"/>
  <testcase classname="com.training.Regression" name="regressionTetst2" time="10.004"/>
  <testcase classname="com.training.AppTest" name="getTitle" time="10.593"/>
  <testcase classname="com.training.AppTest" name="shouldAnswerWithTrue" time="0.003"/>
  <testcase classname="com.training.AppTest" name="testForm" time="0.001"/>
</testsuite> <!-- Default test -->
