<?xml version="1.0" encoding="UTF-8"?>
<testng-results ignored="0" total="5" passed="5" failed="0" skipped="0">
  <reporter-output>
  </reporter-output>
  <suite started-at="2026-08-05T17:34:16 IST" name="Default suite" finished-at="2026-08-05T17:34:48 IST" duration-ms="32187">
    <groups>
      <group name="regression">
        <method signature="Regression.regressionTetst1()[pri:0, instance:com.training.Regression@333291e3]" name="regressionTetst1" class="com.training.Regression"/>
        <method signature="Regression.regressionTetst2()[pri:1, instance:com.training.Regression@333291e3]" name="regressionTetst2" class="com.training.Regression"/>
      </group> <!-- regression -->
    </groups>
    <test started-at="2026-08-05T17:34:16 IST" name="Default test" finished-at="2026-08-05T17:34:48 IST" duration-ms="32187">
      <class name="com.training.Regression">
        <test-method is-config="true" signature="init()[pri:0, instance:com.training.Regression@333291e3]" started-at="2026-08-05T17:34:16 IST" name="init" finished-at="2026-08-05T17:34:17 IST" duration-ms="1205" status="PASS">
          <reporter-output>
          </reporter-output>
        </test-method> <!-- init -->
        <test-method signature="regressionTetst1()[pri:0, instance:com.training.Regression@333291e3]" started-at="2026-08-05T17:34:17 IST" name="regressionTetst1" finished-at="2026-08-05T17:34:27 IST" duration-ms="10019" status="PASS">
          <reporter-output>
          </reporter-output>
        </test-method> <!-- regressionTetst1 -->
        <test-method signature="regressionTetst2()[pri:1, instance:com.training.Regression@333291e3]" started-at="2026-08-05T17:34:27 IST" name="regressionTetst2" finished-at="2026-08-05T17:34:37 IST" duration-ms="10004" status="PASS">
          <reporter-output>
          </reporter-output>
        </test-method> <!-- regressionTetst2 -->
        <test-method is-config="true" signature="destroy()[pri:0, instance:com.training.Regression@333291e3]" started-at="2026-08-05T17:34:37 IST" name="destroy" finished-at="2026-08-05T17:34:37 IST" duration-ms="276" status="PASS">
          <reporter-output>
          </reporter-output>
        </test-method> <!-- destroy -->
      </class> <!-- com.training.Regression -->
      <class name="com.training.AppTest">
        <test-method signature="getTitle()[pri:0, instance:com.training.AppTest@402bba4f]" started-at="2026-08-05T17:34:37 IST" name="getTitle" finished-at="2026-08-05T17:34:48 IST" duration-ms="10593" status="PASS">
          <reporter-output>
          </reporter-output>
        </test-method> <!-- getTitle -->
        <test-method signature="shouldAnswerWithTrue()[pri:0, instance:com.training.AppTest@402bba4f]" started-at="2026-08-05T17:34:48 IST" name="shouldAnswerWithTrue" finished-at="2026-08-05T17:34:48 IST" duration-ms="3" status="PASS">
          <reporter-output>
          </reporter-output>
        </test-method> <!-- shouldAnswerWithTrue -->
        <test-method signature="testForm()[pri:0, instance:com.training.AppTest@402bba4f]" started-at="2026-08-05T17:34:48 IST" name="testForm" finished-at="2026-08-05T17:34:48 IST" duration-ms="1" status="PASS">
          <reporter-output>
          </reporter-output>
        </test-method> <!-- testForm -->
      </class> <!-- com.training.AppTest -->
    </test> <!-- Default test -->
  </suite> <!-- Default suite -->
</testng-results>
