<?xml version="1.0" encoding="UTF-8"?>
<!-- Generated by org.testng.reporters.JUnitReportReporter -->
<testsuite hostname="DESKTOP-1VL2VT9" failures="0" tests="3" name="com.training.AppTest" time="10.597" errors="0" timestamp="2026-08-05T17:34:48 IST" skipped="0">
  <testcase classname="com.training.AppTest" name="shouldAnswerWithTrue" time="0.003"/>
  <testcase classname="com.training.AppTest" name="getTitle" time="10.593"/>
  <testcase classname="com.training.AppTest" name="testForm" time="0.001"/>
</testsuite> <!-- com.training.AppTest -->
